********************************************************************************
* Unified simulation Tcl App stack trace dump
*
* File: .usf.tcl_error.log (Thu Feb 27 17:57:05 2025)
*
* This file is generated by the unified simulation automation and contains the
* tcl stack trace of error returned by the simulator App for the current run.
*
********************************************************************************

    while executing
"get_property "xsim.elaborate.debug_level" $a_sim_vars(fs_obj)"
    (procedure "usf_xsim_get_xelab_cmdline_args" line 36)
    invoked from within
"usf_xsim_get_xelab_cmdline_args"
    (procedure "usf_xsim_write_elaborate_script" line 127)
    invoked from within
"usf_xsim_write_elaborate_script scr_filename"
    (procedure "tclapp::xilinx::xsim::elaborate" line 10)
    invoked from within
"tclapp::xilinx::xsim::elaborate { -simset sim_1 -mode post-synthesis -type functional -run_dir {C:/Users/Ciudad Maderas/ALU/ALU.sim/sim_1/synth/func/x..."
