
*** Running vivado
    with args -log GPPU.vdi -applog -m64 -product Vivado -messageDb vivado.pb -mode batch -source GPPU.tcl -notrace



****** Vivado v2024.2 (64-bit)
  **** SW Build 5239630 on Fri Nov 08 22:35:27 MST 2024
  **** IP Build 5239520 on Sun Nov 10 16:12:51 MST 2024
  **** SharedData Build 5239561 on Fri Nov 08 14:39:27 MST 2024
  **** Start of session at: Sat Mar  8 18:28:59 2025
    ** Copyright 1986-2022 Xilinx, Inc. All Rights Reserved.
    ** Copyright 2022-2024 Advanced Micro Devices, Inc. All Rights Reserved.

source GPPU.tcl -notrace
Command: link_design -top GPPU -part xc7a35tfgg484-2
Design is defaulting to srcset: sources_1
Design is defaulting to constrset: constrs_1
INFO: [Device 21-403] Loading part xc7a35tfgg484-2
Netlist sorting complete. Time (s): cpu = 00:00:00 ; elapsed = 00:00:00.022 . Memory (MB): peak = 535.273 ; gain = 0.000
INFO: [Netlist 29-17] Analyzing 610 Unisim elements for replacement
INFO: [Netlist 29-28] Unisim Transformation completed in 0 CPU seconds
INFO: [Project 1-479] Netlist was created with Vivado 2024.2
INFO: [Project 1-570] Preparing netlist for logic optimization
Read ShapeDB Complete: Time (s): cpu = 00:00:00 ; elapsed = 00:00:00.008 . Memory (MB): peak = 629.750 ; gain = 0.758
Netlist sorting complete. Time (s): cpu = 00:00:00 ; elapsed = 00:00:00.001 . Memory (MB): peak = 630.480 ; gain = 0.000
INFO: [Project 1-111] Unisim Transformation Summary:
No Unisim elements were transformed.

6 Infos, 0 Warnings, 0 Critical Warnings and 0 Errors encountered.
link_design completed successfully
Command: opt_design -directive Explore
INFO: [Vivado_Tcl 4-136] Directive used for opt_design is: Explore
Attempting to get a license for feature 'Implementation' and/or device 'xc7a35t'
INFO: [Common 17-349] Got license for feature 'Implementation' and/or device 'xc7a35t'
Running DRC as a precondition to command opt_design

Starting DRC Task
INFO: [DRC 23-27] Running DRC with 2 threads
INFO: [Project 1-461] DRC finished with 0 Errors
INFO: [Project 1-462] Please refer to the DRC report (report_drc) for more information.

Time (s): cpu = 00:00:00 ; elapsed = 00:00:01 . Memory (MB): peak = 692.070 ; gain = 36.723

Starting Logic Optimization Task

Phase 1 Initialization

Phase 1.1 Core Generation And Design Setup
Phase 1.1 Core Generation And Design Setup | Checksum: 222bcb79c

Time (s): cpu = 00:00:00 ; elapsed = 00:00:00.004 . Memory (MB): peak = 1057.250 ; gain = 0.000

Phase 1.2 Setup Constraints And Sort Netlist
Phase 1.2 Setup Constraints And Sort Netlist | Checksum: 222bcb79c

Time (s): cpu = 00:00:00 ; elapsed = 00:00:00.006 . Memory (MB): peak = 1057.250 ; gain = 0.000
Phase 1 Initialization | Checksum: 222bcb79c

Time (s): cpu = 00:00:00 ; elapsed = 00:00:00.006 . Memory (MB): peak = 1057.250 ; gain = 0.000

Phase 2 Timer Update And Timing Data Collection

Phase 2.1 Timer Update
INFO: [Timing 38-35] Done setting XDC timing constraints.
Phase 2.1 Timer Update | Checksum: 222bcb79c

Time (s): cpu = 00:00:03 ; elapsed = 00:00:07 . Memory (MB): peak = 1503.961 ; gain = 446.711

Phase 2.2 Timing Data Collection
Phase 2.2 Timing Data Collection | Checksum: 222bcb79c

Time (s): cpu = 00:00:03 ; elapsed = 00:00:07 . Memory (MB): peak = 1503.961 ; gain = 446.711
Phase 2 Timer Update And Timing Data Collection | Checksum: 222bcb79c

Time (s): cpu = 00:00:03 ; elapsed = 00:00:07 . Memory (MB): peak = 1503.961 ; gain = 446.711

Phase 3 Retarget
INFO: [Opt 31-1851] Number of loadless carry chains removed were: 0
INFO: [Opt 31-1834] Total Chains To Be Transformed Were: 0 AND Number of Transformed insts Created are: 0
INFO: [Opt 31-138] Pushed 0 inverter(s) to 0 load pin(s).
INFO: [Opt 31-49] Retargeted 0 cell(s).
Phase 3 Retarget | Checksum: 24900e7c2

Time (s): cpu = 00:00:03 ; elapsed = 00:00:07 . Memory (MB): peak = 1503.961 ; gain = 446.711
Retarget | Checksum: 24900e7c2
INFO: [Opt 31-389] Phase Retarget created 0 cells and removed 0 cells

Phase 4 Constant propagation
INFO: [Opt 31-138] Pushed 0 inverter(s) to 0 load pin(s).
Phase 4 Constant propagation | Checksum: 21e5f8f57

Time (s): cpu = 00:00:03 ; elapsed = 00:00:07 . Memory (MB): peak = 1503.961 ; gain = 446.711
Constant propagation | Checksum: 21e5f8f57
INFO: [Opt 31-389] Phase Constant propagation created 64 cells and removed 96 cells

Phase 5 Sweep
INFO: [Constraints 18-11670] Building netlist checker database with flags, 0x8
Done building netlist checker database: Time (s): cpu = 00:00:00 ; elapsed = 00:00:00.001 . Memory (MB): peak = 1503.961 ; gain = 0.000
Phase 5 Sweep | Checksum: 21dc962aa

Time (s): cpu = 00:00:03 ; elapsed = 00:00:07 . Memory (MB): peak = 1503.961 ; gain = 446.711
Sweep | Checksum: 21dc962aa
INFO: [Opt 31-389] Phase Sweep created 6 cells and removed 0 cells

Phase 6 BUFG optimization
Phase 6 BUFG optimization | Checksum: 21dc962aa

Time (s): cpu = 00:00:03 ; elapsed = 00:00:07 . Memory (MB): peak = 1503.961 ; gain = 446.711
BUFG optimization | Checksum: 21dc962aa
INFO: [Opt 31-662] Phase BUFG optimization created 0 cells of which 0 are BUFGs and removed 0 cells.

Phase 7 Shift Register Optimization
INFO: [Opt 31-1064] SRL Remap converted 0 SRLs to 0 registers and converted 0 registers of register chains to 0 SRLs
Phase 7 Shift Register Optimization | Checksum: 21dc962aa

Time (s): cpu = 00:00:03 ; elapsed = 00:00:07 . Memory (MB): peak = 1503.961 ; gain = 446.711
Shift Register Optimization | Checksum: 21dc962aa
INFO: [Opt 31-389] Phase Shift Register Optimization created 0 cells and removed 0 cells
INFO: [Opt 31-1555] control_set_opt supports Versal devices only, and device 7a35t is unsupported

Phase 8 Post Processing Netlist
Phase 8 Post Processing Netlist | Checksum: 1dde654a5

Time (s): cpu = 00:00:03 ; elapsed = 00:00:07 . Memory (MB): peak = 1503.961 ; gain = 446.711
Post Processing Netlist | Checksum: 1dde654a5
INFO: [Opt 31-389] Phase Post Processing Netlist created 0 cells and removed 0 cells

Phase 9 Finalization

Phase 9.1 Finalizing Design Cores and Updating Shapes
Phase 9.1 Finalizing Design Cores and Updating Shapes | Checksum: 15af9146c

Time (s): cpu = 00:00:03 ; elapsed = 00:00:07 . Memory (MB): peak = 1503.961 ; gain = 446.711

Phase 9.2 Verifying Netlist Connectivity

Starting Connectivity Check Task

Time (s): cpu = 00:00:00 ; elapsed = 00:00:00.010 . Memory (MB): peak = 1503.961 ; gain = 0.000
Phase 9.2 Verifying Netlist Connectivity | Checksum: 15af9146c

Time (s): cpu = 00:00:03 ; elapsed = 00:00:07 . Memory (MB): peak = 1503.961 ; gain = 446.711
Phase 9 Finalization | Checksum: 15af9146c

Time (s): cpu = 00:00:03 ; elapsed = 00:00:07 . Memory (MB): peak = 1503.961 ; gain = 446.711
Opt_design Change Summary
=========================


-------------------------------------------------------------------------------------------------------------------------
|  Phase                        |  #Cells created  |  #Cells Removed  |  #Constrained objects preventing optimizations  |
-------------------------------------------------------------------------------------------------------------------------
|  Retarget                     |               0  |               0  |                                              0  |
|  Constant propagation         |              64  |              96  |                                              0  |
|  Sweep                        |               6  |               0  |                                              0  |
|  BUFG optimization            |               0  |               0  |                                              0  |
|  Shift Register Optimization  |               0  |               0  |                                              0  |
|  Post Processing Netlist      |               0  |               0  |                                              0  |
-------------------------------------------------------------------------------------------------------------------------


Ending Logic Optimization Task | Checksum: 15af9146c

Time (s): cpu = 00:00:03 ; elapsed = 00:00:07 . Memory (MB): peak = 1503.961 ; gain = 446.711

Starting Netlist Obfuscation Task
Netlist sorting complete. Time (s): cpu = 00:00:00 ; elapsed = 00:00:00 . Memory (MB): peak = 1503.961 ; gain = 0.000
Ending Netlist Obfuscation Task | Checksum: 15af9146c

Time (s): cpu = 00:00:00 ; elapsed = 00:00:00.002 . Memory (MB): peak = 1503.961 ; gain = 0.000
INFO: [Common 17-83] Releasing license: Implementation
27 Infos, 0 Warnings, 0 Critical Warnings and 0 Errors encountered.
opt_design completed successfully
opt_design: Time (s): cpu = 00:00:05 ; elapsed = 00:00:13 . Memory (MB): peak = 1503.961 ; gain = 873.480
INFO: [Vivado 12-24828] Executing command : report_drc -file GPPU_drc_opted.rpt -pb GPPU_drc_opted.pb -rpx GPPU_drc_opted.rpx
Command: report_drc -file GPPU_drc_opted.rpt -pb GPPU_drc_opted.pb -rpx GPPU_drc_opted.rpx
INFO: [IP_Flow 19-234] Refreshing IP repositories
INFO: [IP_Flow 19-1704] No user IP repositories specified
INFO: [IP_Flow 19-2313] Loaded Vivado IP repository 'C:/Xilinx/Vivado/2024.2/data/ip'.
INFO: [DRC 23-27] Running DRC with 2 threads
INFO: [Vivado_Tcl 2-168] The results of DRC are in file E:/dardi/Nueva carpeta/GitHub/GCPU_implementation-/ALU/ALU.runs/impl_1/GPPU_drc_opted.rpt.
report_drc completed successfully
Write ShapeDB Complete: Time (s): cpu = 00:00:00 ; elapsed = 00:00:00.011 . Memory (MB): peak = 1518.980 ; gain = 0.000
INFO: [Common 17-1381] The checkpoint 'E:/dardi/Nueva carpeta/GitHub/GCPU_implementation-/ALU/ALU.runs/impl_1/GPPU_opt.dcp' has been generated.
Command: place_design -directive Explore
Attempting to get a license for feature 'Implementation' and/or device 'xc7a35t'
INFO: [Common 17-349] Got license for feature 'Implementation' and/or device 'xc7a35t'
INFO: [Common 17-83] Releasing license: Implementation
INFO: [DRC 23-27] Running DRC with 2 threads
INFO: [Vivado_Tcl 4-198] DRC finished with 0 Errors
INFO: [Vivado_Tcl 4-199] Please refer to the DRC report (report_drc) for more information.
INFO: [Vivado_Tcl 4-2302] The placer was invoked with the 'Explore' directive.
Running DRC as a precondition to command place_design
INFO: [DRC 23-27] Running DRC with 2 threads
INFO: [Vivado_Tcl 4-198] DRC finished with 0 Errors, 14 Warnings
INFO: [Vivado_Tcl 4-199] Please refer to the DRC report (report_drc) for more information.
INFO: [Place 30-611] Multithreading enabled for place_design using a maximum of 2 CPUs

Starting Placer Task

Phase 1 Placer Initialization

Phase 1.1 Placer Initialization Netlist Sorting
Netlist sorting complete. Time (s): cpu = 00:00:00 ; elapsed = 00:00:00 . Memory (MB): peak = 1524.156 ; gain = 0.000
Phase 1.1 Placer Initialization Netlist Sorting | Checksum: 1433e85a1

Time (s): cpu = 00:00:00 ; elapsed = 00:00:00.004 . Memory (MB): peak = 1524.156 ; gain = 0.000
Netlist sorting complete. Time (s): cpu = 00:00:00 ; elapsed = 00:00:00.001 . Memory (MB): peak = 1524.156 ; gain = 0.000

Phase 1.2 IO Placement/ Clock Placement/ Build Placer Device
INFO: [Timing 38-35] Done setting XDC timing constraints.
Phase 1.2 IO Placement/ Clock Placement/ Build Placer Device | Checksum: 1775785a2

Time (s): cpu = 00:00:00 ; elapsed = 00:00:00.472 . Memory (MB): peak = 1534.039 ; gain = 9.883

Phase 1.3 Build Placer Netlist Model
Phase 1.3 Build Placer Netlist Model | Checksum: 227c74706

Time (s): cpu = 00:00:00 ; elapsed = 00:00:00.638 . Memory (MB): peak = 1542.145 ; gain = 17.988

Phase 1.4 Constrain Clocks/Macros
Phase 1.4 Constrain Clocks/Macros | Checksum: 227c74706

Time (s): cpu = 00:00:00 ; elapsed = 00:00:00.643 . Memory (MB): peak = 1542.145 ; gain = 17.988
Phase 1 Placer Initialization | Checksum: 227c74706

Time (s): cpu = 00:00:00 ; elapsed = 00:00:00.654 . Memory (MB): peak = 1542.145 ; gain = 17.988

Phase 2 Global Placement

Phase 2.1 Floorplanning
Phase 2.1 Floorplanning | Checksum: 227c74706

Time (s): cpu = 00:00:00 ; elapsed = 00:00:00.664 . Memory (MB): peak = 1542.145 ; gain = 17.988

Phase 2.2 Update Timing before SLR Path Opt
Phase 2.2 Update Timing before SLR Path Opt | Checksum: 227c74706

Time (s): cpu = 00:00:00 ; elapsed = 00:00:00.666 . Memory (MB): peak = 1542.145 ; gain = 17.988

Phase 2.3 Post-Processing in Floorplanning
Phase 2.3 Post-Processing in Floorplanning | Checksum: 227c74706

Time (s): cpu = 00:00:00 ; elapsed = 00:00:00.667 . Memory (MB): peak = 1542.145 ; gain = 17.988

Phase 2.4 Global Place Phase1
Phase 2.4 Global Place Phase1 | Checksum: 155c7a1e0

Time (s): cpu = 00:00:01 ; elapsed = 00:00:02 . Memory (MB): peak = 1557.727 ; gain = 33.570

Phase 2.5 Global Place Phase2
WARNING: [Place 46-29] Timing had been disabled during Placer and, therefore, physical synthesis in Placer will be skipped.
Phase 2.5 Global Place Phase2 | Checksum: 138d77fee

Time (s): cpu = 00:00:01 ; elapsed = 00:00:02 . Memory (MB): peak = 1557.727 ; gain = 33.570
Phase 2 Global Placement | Checksum: 138d77fee

Time (s): cpu = 00:00:01 ; elapsed = 00:00:02 . Memory (MB): peak = 1557.727 ; gain = 33.570

Phase 3 Detail Placement

Phase 3.1 Commit Multi Column Macros
Phase 3.1 Commit Multi Column Macros | Checksum: 138d77fee

Time (s): cpu = 00:00:01 ; elapsed = 00:00:02 . Memory (MB): peak = 1557.727 ; gain = 33.570

Phase 3.2 Commit Most Macros & LUTRAMs
Phase 3.2 Commit Most Macros & LUTRAMs | Checksum: 14a58bb3e

Time (s): cpu = 00:00:01 ; elapsed = 00:00:02 . Memory (MB): peak = 1557.727 ; gain = 33.570

Phase 3.3 Area Swap Optimization
Phase 3.3 Area Swap Optimization | Checksum: 1d9f9c48a

Time (s): cpu = 00:00:01 ; elapsed = 00:00:02 . Memory (MB): peak = 1557.727 ; gain = 33.570

Phase 3.4 Pipeline Register Optimization
Phase 3.4 Pipeline Register Optimization | Checksum: 1d9f9c48a

Time (s): cpu = 00:00:01 ; elapsed = 00:00:02 . Memory (MB): peak = 1557.727 ; gain = 33.570

Phase 3.5 Small Shape Detail Placement
Phase 3.5 Small Shape Detail Placement | Checksum: 168e5738d

Time (s): cpu = 00:00:01 ; elapsed = 00:00:03 . Memory (MB): peak = 1557.727 ; gain = 33.570

Phase 3.6 Re-assign LUT pins
Phase 3.6 Re-assign LUT pins | Checksum: 168e5738d

Time (s): cpu = 00:00:01 ; elapsed = 00:00:03 . Memory (MB): peak = 1557.727 ; gain = 33.570

Phase 3.7 Pipeline Register Optimization
Phase 3.7 Pipeline Register Optimization | Checksum: 168e5738d

Time (s): cpu = 00:00:01 ; elapsed = 00:00:03 . Memory (MB): peak = 1557.727 ; gain = 33.570
Phase 3 Detail Placement | Checksum: 168e5738d

Time (s): cpu = 00:00:01 ; elapsed = 00:00:03 . Memory (MB): peak = 1557.727 ; gain = 33.570

Phase 4 Post Placement Optimization and Clean-Up

Phase 4.1 Post Commit Optimization
Phase 4.1 Post Commit Optimization | Checksum: 168e5738d

Time (s): cpu = 00:00:01 ; elapsed = 00:00:03 . Memory (MB): peak = 1557.727 ; gain = 33.570

Phase 4.2 Post Placement Cleanup
Phase 4.2 Post Placement Cleanup | Checksum: 168e5738d

Time (s): cpu = 00:00:01 ; elapsed = 00:00:03 . Memory (MB): peak = 1557.727 ; gain = 33.570

Phase 4.3 Placer Reporting

Phase 4.3.1 Print Estimated Congestion
INFO: [Place 30-612] Post-Placement Estimated Congestion 
 ____________________________________________________
|           | Global Congestion | Short Congestion  |
| Direction | Region Size       | Region Size       |
|___________|___________________|___________________|
|      North|                1x1|                1x1|
|___________|___________________|___________________|
|      South|                1x1|                1x1|
|___________|___________________|___________________|
|       East|                1x1|                1x1|
|___________|___________________|___________________|
|       West|                1x1|                1x1|
|___________|___________________|___________________|

Phase 4.3.1 Print Estimated Congestion | Checksum: 168e5738d

Time (s): cpu = 00:00:01 ; elapsed = 00:00:03 . Memory (MB): peak = 1557.727 ; gain = 33.570
Phase 4.3 Placer Reporting | Checksum: 168e5738d

Time (s): cpu = 00:00:01 ; elapsed = 00:00:03 . Memory (MB): peak = 1557.727 ; gain = 33.570

Phase 4.4 Final Placement Cleanup
Netlist sorting complete. Time (s): cpu = 00:00:00 ; elapsed = 00:00:00 . Memory (MB): peak = 1557.727 ; gain = 0.000

Time (s): cpu = 00:00:01 ; elapsed = 00:00:03 . Memory (MB): peak = 1557.727 ; gain = 33.570
Phase 4 Post Placement Optimization and Clean-Up | Checksum: 1cf86b30f

Time (s): cpu = 00:00:01 ; elapsed = 00:00:03 . Memory (MB): peak = 1557.727 ; gain = 33.570
Ending Placer Task | Checksum: 1451ca45a

Time (s): cpu = 00:00:01 ; elapsed = 00:00:03 . Memory (MB): peak = 1557.727 ; gain = 33.570
46 Infos, 1 Warnings, 0 Critical Warnings and 0 Errors encountered.
place_design completed successfully
INFO: [Vivado 12-24838] Running report commands "report_control_sets, report_io, report_utilization" in parallel.
Running report generation with 2 threads.
INFO: [Vivado 12-24828] Executing command : report_utilization -file GPPU_utilization_placed.rpt -pb GPPU_utilization_placed.pb
INFO: [Vivado 12-24828] Executing command : report_control_sets -verbose -file GPPU_control_sets_placed.rpt
report_control_sets: Time (s): cpu = 00:00:00 ; elapsed = 00:00:00.005 . Memory (MB): peak = 1557.727 ; gain = 0.000
INFO: [Vivado 12-24828] Executing command : report_io -file GPPU_io_placed.rpt
report_io: Time (s): cpu = 00:00:00 ; elapsed = 00:00:00.080 . Memory (MB): peak = 1557.727 ; gain = 0.000
Write ShapeDB Complete: Time (s): cpu = 00:00:00 ; elapsed = 00:00:00.037 . Memory (MB): peak = 1564.477 ; gain = 0.000
Wrote PlaceDB: Time (s): cpu = 00:00:01 ; elapsed = 00:00:00.360 . Memory (MB): peak = 1564.477 ; gain = 0.000
Wrote PulsedLatchDB: Time (s): cpu = 00:00:00 ; elapsed = 00:00:00 . Memory (MB): peak = 1564.477 ; gain = 0.000
Writing XDEF routing.
Writing XDEF routing logical nets.
Writing XDEF routing special nets.
Wrote RouteStorage: Time (s): cpu = 00:00:00 ; elapsed = 00:00:00.079 . Memory (MB): peak = 1564.492 ; gain = 0.016
Wrote Netlist Cache: Time (s): cpu = 00:00:00 ; elapsed = 00:00:00.059 . Memory (MB): peak = 1564.492 ; gain = 0.000
Wrote Device Cache: Time (s): cpu = 00:00:00 ; elapsed = 00:00:00.010 . Memory (MB): peak = 1564.492 ; gain = 0.000
Write Physdb Complete: Time (s): cpu = 00:00:01 ; elapsed = 00:00:00.515 . Memory (MB): peak = 1564.492 ; gain = 0.016
INFO: [Common 17-1381] The checkpoint 'E:/dardi/Nueva carpeta/GitHub/GCPU_implementation-/ALU/ALU.runs/impl_1/GPPU_placed.dcp' has been generated.
Command: phys_opt_design -directive Explore
Attempting to get a license for feature 'Implementation' and/or device 'xc7a35t'
INFO: [Common 17-349] Got license for feature 'Implementation' and/or device 'xc7a35t'
INFO: [Vivado_Tcl 4-137] Directive used for phys_opt_design is: Explore

Starting Initial Update Timing Task

Time (s): cpu = 00:00:00 ; elapsed = 00:00:00.140 . Memory (MB): peak = 1564.520 ; gain = 0.000
INFO: [Vivado_Tcl 4-235] No timing constraint found. The netlist was not modified.
INFO: [Common 17-83] Releasing license: Implementation
55 Infos, 1 Warnings, 0 Critical Warnings and 0 Errors encountered.
phys_opt_design completed successfully
Write ShapeDB Complete: Time (s): cpu = 00:00:00 ; elapsed = 00:00:00.013 . Memory (MB): peak = 1578.680 ; gain = 0.051
Wrote PlaceDB: Time (s): cpu = 00:00:00 ; elapsed = 00:00:00.351 . Memory (MB): peak = 1578.680 ; gain = 0.000
Wrote PulsedLatchDB: Time (s): cpu = 00:00:00 ; elapsed = 00:00:00 . Memory (MB): peak = 1578.680 ; gain = 0.000
Writing XDEF routing.
Writing XDEF routing logical nets.
Writing XDEF routing special nets.
Wrote RouteStorage: Time (s): cpu = 00:00:00 ; elapsed = 00:00:00.016 . Memory (MB): peak = 1578.680 ; gain = 0.000
Wrote Netlist Cache: Time (s): cpu = 00:00:00 ; elapsed = 00:00:00.009 . Memory (MB): peak = 1578.680 ; gain = 0.000
Wrote Device Cache: Time (s): cpu = 00:00:00 ; elapsed = 00:00:00.005 . Memory (MB): peak = 1578.680 ; gain = 0.000
Write Physdb Complete: Time (s): cpu = 00:00:00 ; elapsed = 00:00:00.386 . Memory (MB): peak = 1578.680 ; gain = 0.000
INFO: [Common 17-1381] The checkpoint 'E:/dardi/Nueva carpeta/GitHub/GCPU_implementation-/ALU/ALU.runs/impl_1/GPPU_physopt.dcp' has been generated.
Command: route_design -directive Explore
Attempting to get a license for feature 'Implementation' and/or device 'xc7a35t'
INFO: [Common 17-349] Got license for feature 'Implementation' and/or device 'xc7a35t'


Starting Routing Task
INFO: [Route 35-270] Using Router directive 'Explore'.
INFO: [Route 35-254] Multithreading enabled for route_design using a maximum of 2 CPUs

Phase 1 Build RT Design
Checksum: PlaceDB: 1de1eb9 ConstDB: 0 ShapeSum: a2bd294a RouteDB: a0815c57
Post Restoration Checksum: NetGraph: d08293d6 | NumContArr: ae97a2a5 | Constraints: c2a8fa9d | Timing: c2a8fa9d
Phase 1 Build RT Design | Checksum: 3046c2bb5

Time (s): cpu = 00:00:12 ; elapsed = 00:00:26 . Memory (MB): peak = 1686.512 ; gain = 107.812

Phase 2 Router Initialization
INFO: [Route 35-64] No timing constraints were detected. The router will operate in resource-optimization mode.

Phase 2.1 Fix Topology Constraints
Phase 2.1 Fix Topology Constraints | Checksum: 3046c2bb5

Time (s): cpu = 00:00:12 ; elapsed = 00:00:26 . Memory (MB): peak = 1692.547 ; gain = 113.848

Phase 2.2 Pre Route Cleanup
Phase 2.2 Pre Route Cleanup | Checksum: 3046c2bb5

Time (s): cpu = 00:00:12 ; elapsed = 00:00:26 . Memory (MB): peak = 1692.547 ; gain = 113.848
 Number of Nodes with overlaps = 0

Router Utilization Summary
  Global Vertical Routing Utilization    = 0 %
  Global Horizontal Routing Utilization  = 0 %
  Routable Net Status*
  *Does not include unroutable nets such as driverless and loadless.
  Run report_route_status for detailed report.
  Number of Failed Nets               = 3543
    (Failed Nets is the sum of unrouted and partially routed nets)
  Number of Unrouted Nets             = 3543
  Number of Partially Routed Nets     = 0
  Number of Node Overlaps             = 0

Phase 2 Router Initialization | Checksum: 27a039a76

Time (s): cpu = 00:00:12 ; elapsed = 00:00:26 . Memory (MB): peak = 1712.902 ; gain = 134.203

Phase 3 Global Routing
Phase 3 Global Routing | Checksum: 27a039a76

Time (s): cpu = 00:00:12 ; elapsed = 00:00:26 . Memory (MB): peak = 1712.902 ; gain = 134.203

Phase 4 Initial Routing

Phase 4.1 Initial Net Routing Pass
Phase 4.1 Initial Net Routing Pass | Checksum: 265e8ffba

Time (s): cpu = 00:00:12 ; elapsed = 00:00:27 . Memory (MB): peak = 1712.902 ; gain = 134.203
Phase 4 Initial Routing | Checksum: 265e8ffba

Time (s): cpu = 00:00:12 ; elapsed = 00:00:27 . Memory (MB): peak = 1712.902 ; gain = 134.203

Phase 5 Rip-up And Reroute

Phase 5.1 Global Iteration 0
 Number of Nodes with overlaps = 201
 Number of Nodes with overlaps = 0
Phase 5.1 Global Iteration 0 | Checksum: 20605ad2e

Time (s): cpu = 00:00:12 ; elapsed = 00:00:28 . Memory (MB): peak = 1712.902 ; gain = 134.203
Phase 5 Rip-up And Reroute | Checksum: 20605ad2e

Time (s): cpu = 00:00:12 ; elapsed = 00:00:28 . Memory (MB): peak = 1712.902 ; gain = 134.203

Phase 6 Delay and Skew Optimization
Phase 6 Delay and Skew Optimization | Checksum: 20605ad2e

Time (s): cpu = 00:00:12 ; elapsed = 00:00:28 . Memory (MB): peak = 1712.902 ; gain = 134.203

Phase 7 Post Hold Fix

Phase 7.1 Hold Fix Iter
Phase 7.1 Hold Fix Iter | Checksum: 20605ad2e

Time (s): cpu = 00:00:12 ; elapsed = 00:00:28 . Memory (MB): peak = 1712.902 ; gain = 134.203
Phase 7 Post Hold Fix | Checksum: 20605ad2e

Time (s): cpu = 00:00:12 ; elapsed = 00:00:28 . Memory (MB): peak = 1712.902 ; gain = 134.203

Phase 8 Route finalize

Router Utilization Summary
  Global Vertical Routing Utilization    = 1.25265 %
  Global Horizontal Routing Utilization  = 1.67048 %
  Routable Net Status*
  *Does not include unroutable nets such as driverless and loadless.
  Run report_route_status for detailed report.
  Number of Failed Nets               = 0
    (Failed Nets is the sum of unrouted and partially routed nets)
  Number of Unrouted Nets             = 0
  Number of Partially Routed Nets     = 0
  Number of Node Overlaps             = 0


--GLOBAL Congestion:
Utilization threshold used for congestion level computation: 0.85
Congestion Report
North Dir 1x1 Area, Max Cong = 43.2432%, No Congested Regions.
South Dir 1x1 Area, Max Cong = 42.3423%, No Congested Regions.
East Dir 1x1 Area, Max Cong = 47.0588%, No Congested Regions.
West Dir 1x1 Area, Max Cong = 50%, No Congested Regions.

------------------------------
Reporting congestion hotspots
------------------------------
Direction: North
----------------
Congested clusters found at Level 0
Effective congestion level: 0 Aspect Ratio: 1 Sparse Ratio: 0
Direction: South
----------------
Congested clusters found at Level 0
Effective congestion level: 0 Aspect Ratio: 1 Sparse Ratio: 0
Direction: East
----------------
Congested clusters found at Level 0
Effective congestion level: 0 Aspect Ratio: 1 Sparse Ratio: 0
Direction: West
----------------
Congested clusters found at Level 0
Effective congestion level: 0 Aspect Ratio: 1 Sparse Ratio: 0

Phase 8 Route finalize | Checksum: 20605ad2e

Time (s): cpu = 00:00:12 ; elapsed = 00:00:28 . Memory (MB): peak = 1712.902 ; gain = 134.203

Phase 9 Verifying routed nets

 Verification completed successfully
Phase 9 Verifying routed nets | Checksum: 20605ad2e

Time (s): cpu = 00:00:12 ; elapsed = 00:00:28 . Memory (MB): peak = 1712.902 ; gain = 134.203

Phase 10 Depositing Routes
Phase 10 Depositing Routes | Checksum: 1ecbb7eaf

Time (s): cpu = 00:00:12 ; elapsed = 00:00:28 . Memory (MB): peak = 1712.902 ; gain = 134.203

Phase 11 Post Process Routing
Phase 11 Post Process Routing | Checksum: 1ecbb7eaf

Time (s): cpu = 00:00:12 ; elapsed = 00:00:28 . Memory (MB): peak = 1712.902 ; gain = 134.203
Total Elapsed time in route_design: 27.862 secs

Phase 12 Post-Route Event Processing
Phase 12 Post-Route Event Processing | Checksum: 189d67889

Time (s): cpu = 00:00:12 ; elapsed = 00:00:28 . Memory (MB): peak = 1712.902 ; gain = 134.203
INFO: [Route 35-16] Router Completed Successfully
Ending Routing Task | Checksum: 189d67889

Time (s): cpu = 00:00:12 ; elapsed = 00:00:28 . Memory (MB): peak = 1712.902 ; gain = 134.203

Routing Is Done.
INFO: [Common 17-83] Releasing license: Implementation
62 Infos, 1 Warnings, 0 Critical Warnings and 0 Errors encountered.
route_design completed successfully
route_design: Time (s): cpu = 00:00:12 ; elapsed = 00:00:28 . Memory (MB): peak = 1712.902 ; gain = 134.223
INFO: [Vivado 12-24828] Executing command : report_drc -file GPPU_drc_routed.rpt -pb GPPU_drc_routed.pb -rpx GPPU_drc_routed.rpx
Command: report_drc -file GPPU_drc_routed.rpt -pb GPPU_drc_routed.pb -rpx GPPU_drc_routed.rpx
INFO: [IP_Flow 19-1839] IP Catalog is up to date.
INFO: [DRC 23-27] Running DRC with 2 threads
INFO: [Vivado_Tcl 2-168] The results of DRC are in file E:/dardi/Nueva carpeta/GitHub/GCPU_implementation-/ALU/ALU.runs/impl_1/GPPU_drc_routed.rpt.
report_drc completed successfully
INFO: [Vivado 12-24828] Executing command : report_methodology -file GPPU_methodology_drc_routed.rpt -pb GPPU_methodology_drc_routed.pb -rpx GPPU_methodology_drc_routed.rpx
Command: report_methodology -file GPPU_methodology_drc_routed.rpt -pb GPPU_methodology_drc_routed.pb -rpx GPPU_methodology_drc_routed.rpx
INFO: [Timing 38-35] Done setting XDC timing constraints.
INFO: [DRC 23-133] Running Methodology with 2 threads
INFO: [Vivado_Tcl 2-1520] The results of Report Methodology are in file E:/dardi/Nueva carpeta/GitHub/GCPU_implementation-/ALU/ALU.runs/impl_1/GPPU_methodology_drc_routed.rpt.
report_methodology completed successfully
INFO: [Vivado 12-24828] Executing command : report_timing_summary -max_paths 10 -report_unconstrained -file GPPU_timing_summary_routed.rpt -pb GPPU_timing_summary_routed.pb -rpx GPPU_timing_summary_routed.rpx -warn_on_violation 
INFO: [Timing 38-35] Done setting XDC timing constraints.
INFO: [Timing 38-91] UpdateTimingParams: Speed grade: -2, Delay Type: min_max.
INFO: [Timing 38-191] Multithreading enabled for timing update using a maximum of 2 CPUs
