Vivado Simulator v2024.2.0
Copyright 1986-2022 Xilinx, Inc. All Rights Reserved.
Copyright 2022-2024 Advanced Micro Devices, Inc. All Rights Reserved.
Running: C:/Xilinx/Vivado/2024.2/bin/unwrapped/win64.o/xelab.exe --incr --debug typical --relax --mt 2 -L xil_defaultlib -L unisims_ver -L secureip --snapshot GPPU_func_impl xil_defaultlib.GPPU xil_defaultlib.glbl -log elaborate.log 
Using 2 slave threads.
Starting static elaboration
Pass Through NonSizing Optimizer
Completed static elaboration
Starting simulation data flow analysis
Completed simulation data flow analysis
Time Resolution for simulation is 1ps
Compiling module unisims_ver.x_lut2_mux4
Compiling module unisims_ver.LUT2
Compiling module unisims_ver.x_lut3_mux8
Compiling module unisims_ver.LUT3
Compiling module unisims_ver.CARRY4
Compiling module xil_defaultlib.ALU
Compiling module unisims_ver.BUFG
Compiling module unisims_ver.IBUF
Compiling module unisims_ver.LUT6
Compiling module unisims_ver.LUT4
Compiling module unisims_ver.MUXF7
Compiling module unisims_ver.LUT5
Compiling module unisims_ver.FDRE(IS_C_INVERTED=1'b1)
Compiling module xil_defaultlib.Instruction_Memory
Compiling module unisims_ver.x_lut1_mux2
Compiling module unisims_ver.LUT1
Compiling module unisims_ver.FDCE_default
Compiling module xil_defaultlib.Cache_L1
Compiling module unisims_ver.OBUF
Compiling module xil_defaultlib.Program_counter
Compiling module unisims_ver.FDRE_default
Compiling module xil_defaultlib.Visualizer32B
Compiling module xil_defaultlib.GPPU
Compiling module xil_defaultlib.glbl
Built simulation snapshot GPPU_func_impl
