#-----------------------------------------------------------
# Vivado v2024.2 (64-bit)
# SW Build 5239630 on Fri Nov 08 22:35:27 MST 2024
# IP Build 5239520 on Sun Nov 10 16:12:51 MST 2024
# SharedData Build 5239561 on Fri Nov 08 14:39:27 MST 2024
# Start of session at: Mon Mar 10 08:39:42 2025
# Process ID         : 4792
# Current directory  : C:/Users/Ciudad Maderas/Documents/GCPU_implementation-/ALU
# Command line       : vivado.exe -gui_launcher_event rodinguilauncherevent14268 C:\Users\Ciudad Maderas\Documents\GCPU_implementation-\ALU\ALU.xpr
# Log file           : C:/Users/Ciudad Maderas/Documents/GCPU_implementation-/ALU/vivado.log
# Journal file       : C:/Users/Ciudad Maderas/Documents/GCPU_implementation-/ALU\vivado.jou
# Running On         : DESKTOP-T2K4A01
# Platform           : Windows Server 2016 or Windows 10
# Operating System   : 26100
# Processor Detail   : 13th Gen Intel(R) Core(TM) i7-13650HX
# CPU Frequency      : 2803 MHz
# CPU Physical cores : 14
# CPU Logical cores  : 20
# Host memory        : 16849 MB
# Swap memory        : 10737 MB
# Total Virtual      : 27586 MB
# Available Virtual  : 13276 MB
#-----------------------------------------------------------
start_gui
open_project {C:/Users/Ciudad Maderas/Documents/GCPU_implementation-/ALU/ALU.xpr}
INFO: [filemgmt 56-3] Default IP Output Path : Could not find the directory 'C:/Users/Ciudad Maderas/Documents/GCPU_implementation-/ALU/ALU.gen/sources_1'.
Scanning sources...
Finished scanning sources
INFO: [IP_Flow 19-234] Refreshing IP repositories
INFO: [IP_Flow 19-1704] No user IP repositories specified
INFO: [IP_Flow 19-2313] Loaded Vivado IP repository 'C:/Xilinx/Vivado/2024.2/data/ip'.
update_compile_order -fileset sources_1
exit
INFO: [Common 17-206] Exiting Vivado at Mon Mar 10 10:04:56 2025...
