Vivado Simulator v2024.2.0
Copyright 1986-2022 Xilinx, Inc. All Rights Reserved.
Copyright 2022-2024 Advanced Micro Devices, Inc. All Rights Reserved.
Running: C:/Xilinx/Vivado/2024.2/bin/unwrapped/win64.o/xelab.exe --incr --debug typical --relax --mt 2 -L xil_defaultlib -L unisims_ver -L unimacro_ver -L secureip --snapshot GPPU_behav xil_defaultlib.GPPU xil_defaultlib.glbl -log elaborate.log 
Using 2 slave threads.
Starting static elaboration
Pass Through NonSizing Optimizer
Completed static elaboration
Starting simulation data flow analysis
WARNING: [XSIM 43-4099] "C:/Users/Ciudad Maderas/ALU/ALU.srcs/sources_1/new/ALU.v" Line 1. Module ALU doesn't have a timescale but at least one module in design has a timescale.
WARNING: [XSIM 43-4099] "C:/Users/Ciudad Maderas/ALU/ALU.srcs/sources_1/new/ALU.v" Line 1. Module ALU doesn't have a timescale but at least one module in design has a timescale.
Completed simulation data flow analysis
Time Resolution for simulation is 1ps
Compiling module xil_defaultlib.FreqCtrl
Compiling module xil_defaultlib.Visualizer32B
Compiling module xil_defaultlib.BranchUnit
Compiling module xil_defaultlib.UART_Controller_default
Compiling module xil_defaultlib.Instruction_Memory
Compiling module xil_defaultlib.Program_counter
Compiling module xil_defaultlib.Control_unit
Compiling module xil_defaultlib.ALU
Compiling module xil_defaultlib.Register
Compiling module xil_defaultlib.GPPU
Compiling module xil_defaultlib.glbl
Built simulation snapshot GPPU_behav
